<?xml version="1.0" encoding="UTF-8"?>
<!-- Generated by org.testng.reporters.JUnitReportReporter -->
<testsuite hostname="DESKTOP-RG609L7" failures="0" tests="1" name="LeadCreation.Leadcreation" time="85.440" errors="0" timestamp="2023-08-29T13:48:02 IST" skipped="0">
  <testcase classname="LeadCreation.Leadcreation" name="Customercreation100" time="85.440"/>
  <system-out/>
</testsuite> <!-- LeadCreation.Leadcreation -->
