<?xml version="1.0" encoding="UTF-8"?>
<!-- Generated by org.testng.reporters.JUnitReportReporter -->
<testsuite hostname="DESKTOP-RG609L7" failures="0" tests="1" name="LeadCreation.Leadcreation" time="189.145" errors="0" timestamp="2023-09-11T11:40:24 IST" skipped="0">
  <testcase classname="LeadCreation.Leadcreation" name="Customercreation100" time="189.145"/>
  <system-out/>
</testsuite> <!-- LeadCreation.Leadcreation -->
