<?xml version="1.0" encoding="UTF-8"?>
<!-- Generated by org.testng.reporters.JUnitReportReporter -->
<testsuite hostname="DESKTOP-RG609L7" failures="0" tests="1" name="LeadCreation.Leadcreation" time="193.785" errors="0" timestamp="2023-08-02T15:24:37 IST" skipped="0">
  <testcase classname="LeadCreation.Leadcreation" name="Customercreation100" time="193.785"/>
  <system-out/>
</testsuite> <!-- LeadCreation.Leadcreation -->
